<?xml version="1.0" encoding="UTF-8"?>
<!-- Generated by org.testng.reporters.JUnitXMLReporter -->
<testsuite ignored="6" hostname="DESKTOP-6SO596L" failures="1" tests="3" name="first Test for Ticket" time="44.312" errors="0" timestamp="2024-01-14T00:59:59 IST">
  <testcase classname="com.traval.qa.test.SearchHotelTest" name="Validate_HomePage_Title" time="0.868"/>
  <testcase classname="com.traval.qa.test.SearchHotelTest" name="ValidataBy_AddingRequirment_InHomePage" time="15.045"/>
  <testcase classname="com.traval.qa.test.SearchHotelTest" name="Validateby_Requirments_Matchingin_ListingPage_FromHomePage" time="4.852">
    <failure type="java.lang.AssertionError" message="Date are not match expected [Wed, Jan 17th - Thu, Jan 18th] but found [null]">
      <![CDATA[java.lang.AssertionError: Date are not match expected [Wed, Jan 17th - Thu, Jan 18th] but found [null]
at com.traval.qa.test.SearchHotelTest.Validateby_Requirments_Matchingin_ListingPage_FromHomePage(SearchHotelTest.java:64)
at java.base/java.util.ArrayList.forEach(ArrayList.java:1511)
... Removed 32 stack frames]]>
    </failure>
  </testcase> <!-- Validateby_Requirments_Matchingin_ListingPage_FromHomePage -->
  <testcase classname="com.traval.qa.test.SearchHotelTest" name="Validate_Hotelpage_bycheckingrequirment_FromHomePage" time="0.0">
    <ignored/>
  </testcase> <!-- Validate_Hotelpage_bycheckingrequirment_FromHomePage -->
  <testcase classname="com.traval.qa.test.SearchHotelTest" name="Validate_Hotelpageby_checkingrequirment_From_EditedListingPage" time="0.0">
    <ignored/>
  </testcase> <!-- Validate_Hotelpageby_checkingrequirment_From_EditedListingPage -->
  <testcase classname="com.traval.qa.test.SearchHotelTest" name="Edit_Requirments_InListingPage" time="0.0">
    <ignored/>
  </testcase> <!-- Edit_Requirments_InListingPage -->
  <testcase classname="com.traval.qa.test.SearchHotelTest" name="SucessFul_MassageConfirmation" time="0.0">
    <ignored/>
  </testcase> <!-- SucessFul_MassageConfirmation -->
  <testcase classname="com.traval.qa.test.SearchHotelTest" name="Validate_Hotelpage_bycheckingrequirment_FromListingPage" time="0.0">
    <ignored/>
  </testcase> <!-- Validate_Hotelpage_bycheckingrequirment_FromListingPage -->
  <testcase classname="com.traval.qa.test.SearchHotelTest" name="Byadding_Detailsand_ItineraryPageandConfirm" time="0.0">
    <ignored/>
  </testcase> <!-- Byadding_Detailsand_ItineraryPageandConfirm -->
</testsuite> <!-- first Test for Ticket -->
